 === >Carte< === 
taille 180 x 42
Carburant de départ 700 

.........###################################################################=.........############################################################~~~~~~~##################.........
.......#####################################################################=.........############################################################~~~~~~~####################.......
.....#######################################################################=.........#############################################~~~~~~~########~~~~~~~########~~~~~~~#######.....
....########################################################################=.........#############################################~~~~~~~#######################~~~~~~~########....
...#########################################################################=.........#############################################~~~~~~~#######################~~~~~~~#########...
..########................................................................................................................................................................########..
..######....................................................................................................................................................................######..
.######......................................................................................................................................................................######.
.#####........................................................................................................................................................................#####.
######........................................................................................................................................................................######
#####..........................................................................................................................................................................#####
#####..........................................................................................................................................................................#####
#####..........................................................................................................................................................................#####
#####..........................................................................................................................................................................#####
#####..........................................................................................................................................................................#####
#####..........................................................................................................................................................................#####
#####..........................................................................................................................................................................#####
#####..........................................................................................................................................................................#####
#####..........................................................................................................................................................................#####
.####..........................................................................................................................................................................#####
.####..........................................................................................................................................................................#####
.####..........................................................................................................................................................................#####
.####..........................................................................................................................................................................#####
.####..........................................................................................................................................................................#####
.####..........................................................................................................................................................................#####
.####..........................................................................................................................................................................#####
.####..........................................................................................................................................................................#####
.####..........................................................................................................................................................................#####
.####..........................................................................................................................................................................#####
.####..........................................................................................................................................................................#####
.####..........................................................................................................................................................................#####
.####..........................................................................................................................................................................#####
.####.........................................................................................................................................................................######
.#####........................................................................................................................................................................#####.
.#####.......................................................................................................................................................................######.
..#####.....................................................................................................................................................................######..
..#######.................................................................................................................................................................########..
...##############################################################################################################################################################################...
....############################################################################################################################################################################....
.....##########################################################################################################################################################################.....
.......######################################################################################################################################################################.......
......................................#####################################################################################################################################.........

 === Debut Course === 

 === Tour 1 === 
86 0	86 2	86 4
 === Action === 
0 -1 (carburant restant 699)

 === Tour 2 === 
86 0	86 2	86 4
 === Action === 
0 -1 (carburant restant 697)

 === Tour 3 === 
86 0	86 2	86 4
 === Action === 
0 -1 (carburant restant 693)

 === Tour 4 === 
86 0	86 2	86 4
 === Action === 
0 -1 (carburant restant 688)

 === Tour 5 === 
86 0	86 2	86 4
 === Action === 
0 -1 (carburant restant 681)

 === Tour 6 === 
86 0	86 2	86 4
 === Action === 
0 -1 (carburant restant 673)

 === Tour 7 === 
86 0	86 2	86 4
 === Action === 
0 -1 (carburant restant 663)

 === Tour 8 === 
86 0	86 2	86 4
 === Action === 
0 -1 (carburant restant 652)

 === Tour 9 === 
86 0	86 2	86 4
 === Action === 
0 -1 (carburant restant 639)

 === Tour 10 === 
86 0	86 2	86 4
 === Action === 
0 -1 (carburant restant 625)

 === Tour 11 === 
86 0	86 2	86 4
 === Action === 
0 -1 (carburant restant 609)

 === Tour 12 === 
86 0	86 2	86 4
 === Action === 
0 -1 (carburant restant 592)

 === Tour 13 === 
86 0	86 2	86 4
 === Action === 
0 -1 (carburant restant 573)

 === Tour 14 === 
86 0	86 2	86 4
 === Action === 
0 -1 (carburant restant 553)

 === Tour 15 === 
86 0	86 2	86 4
 === Action === 
0 -1 (carburant restant 531)

 === Tour 16 === 
86 0	86 2	86 4
 === Action === 
0 -1 (carburant restant 508)

 === Tour 17 === 
86 0	86 2	86 4
 === Action === 
0 -1 (carburant restant 483)

 === Tour 18 === 
86 0	86 2	86 4
 === Action === 
0 -1 (carburant restant 457)

 === Tour 19 === 
86 0	86 2	86 4
 === Action === 
0 -1 (carburant restant 429)

 === Tour 20 === 
86 0	86 2	86 4
 === Action === 
0 -1 (carburant restant 400)

 === Tour 21 === 
86 0	86 2	86 4
 === Action === 
0 -1 (carburant restant 369)

 === Tour 22 === 
86 0	86 2	86 4
 === Action === 
0 -1 (carburant restant 337)

 === Tour 23 === 
86 0	86 2	86 4
 === Action === 
0 -1 (carburant restant 303)

 === Tour 24 === 
86 0	86 2	86 4
 === Action === 
0 -1 (carburant restant 268)

 === Tour 25 === 
86 0	86 2	86 4
 === Action === 
0 -1 (carburant restant 231)

 === Tour 26 === 
86 0	86 2	86 4
 === Action === 
0 -1 (carburant restant 193)

 === Tour 27 === 
86 0	86 2	86 4
 === Action === 
0 -1 (carburant restant 153)

 === Tour 28 === 
86 0	86 2	86 4
 === Action === 
0 -1 (carburant restant 112)

 === Tour 29 === 
86 0	86 2	86 4
 === Action === 
0 -1 (carburant restant 69)

 === Tour 30 === 
86 0	86 2	86 4
 === Action === 
0 -1 (carburant restant 25)

 === Tour 31 === 
86 0	86 2	86 4
 === Action === 
0 -1 (carburant restant -21)

 === Tour 32 === 
86 0	86 2	86 4
 === Action === 
0 -1 (carburant restant -68)

 === Tour 33 === 
86 0	86 2	86 4
 === Action === 
0 -1 (carburant restant -117)

 === Tour 34 === 
86 0	86 2	86 4
 === Action === 
0 -1 (carburant restant -167)

 === Tour 35 === 
86 0	86 2	86 4
 === Action === 
0 -1 (carburant restant -219)

 === Tour 36 === 
86 0	86 2	86 4
 === Action === 
0 -1 (carburant restant -272)

 === Tour 37 === 
86 0	86 2	86 4
 === Action === 
0 -1 (carburant restant -327)

 === Tour 38 === 
86 0	86 2	86 4
 === Action === 
0 -1 (carburant restant -383)

 === Tour 39 === 
86 0	86 2	86 4
 === Action === 
0 -1 (carburant restant -441)

 === Tour 40 === 
86 0	86 2	86 4
 === Action === 
0 -1 (carburant restant -500)

 === Tour 41 === 
86 0	86 2	86 4
 === Action === 
0 -1 (carburant restant -561)

 === Tour 42 === 
86 0	86 2	86 4
 === Action === 
0 -1 (carburant restant -623)

 === Tour 43 === 
86 0	86 2	86 4
 === Action === 
0 -1 (carburant restant -687)

 === Tour 44 === 
86 0	86 2	86 4
 === Action === 
0 -1 (carburant restant -752)

 === Tour 45 === 
86 0	86 2	86 4
 === Action === 
0 -1 (carburant restant -819)

 === Tour 46 === 
86 0	86 2	86 4
 === Action === 
0 -1 (carburant restant -887)

 === Tour 47 === 
86 0	86 2	86 4
 === Action === 
0 -1 (carburant restant -957)

 === Tour 48 === 
86 0	86 2	86 4
 === Action === 
0 -1 (carburant restant -1028)

 === Tour 49 === 
86 0	86 2	86 4
 === Action === 
0 -1 (carburant restant -1101)

 === Tour 50 === 
86 0	86 2	86 4
 === Action === 
0 -1 (carburant restant -1175)

 === Tour 51 === 
86 0	86 2	86 4
 === Action === 
0 -1 (carburant restant -1251)

 === Tour 52 === 
86 0	86 2	86 4
 === Action === 
0 -1 (carburant restant -1328)

 === Tour 53 === 
86 0	86 2	86 4
 === Action === 
0 -1 (carburant restant -1407)

 === Tour 54 === 
86 0	86 2	86 4
 === Action === 
0 -1 (carburant restant -1487)

 === Tour 55 === 
86 0	86 2	86 4
 === Action === 
0 -1 (carburant restant -1569)

 === Tour 56 === 
86 0	86 2	86 4
 === Action === 
0 -1 (carburant restant -1652)

 === Tour 57 === 
86 0	86 2	86 4
 === Action === 
0 -1 (carburant restant -1737)

 === Tour 58 === 
86 0	86 2	86 4
 === Action === 
0 -1 (carburant restant -1823)

 === Tour 59 === 
86 0	86 2	86 4
 === Action === 
0 -1 (carburant restant -1911)

 === Tour 60 === 
86 0	86 2	86 4
 === Action === 
0 -1 (carburant restant -2000)

 === Tour 61 === 
86 0	86 2	86 4
 === Action === 
0 -1 (carburant restant -2091)

 === Tour 62 === 
86 0	86 2	86 4
 === Action === 
0 -1 (carburant restant -2183)

 === Tour 63 === 
86 0	86 2	86 4
 === Action === 
0 -1 (carburant restant -2277)

 === Tour 64 === 
86 0	86 2	86 4
 === Action === 
0 -1 (carburant restant -2372)

 === Tour 65 === 
86 0	86 2	86 4
 === Action === 
0 -1 (carburant restant -2469)

 === Tour 66 === 
86 0	86 2	86 4
 === Action === 
0 -1 (carburant restant -2567)

 === Tour 67 === 
86 0	86 2	86 4
 === Action === 
0 -1 (carburant restant -2667)
