 === >Carte< === 
................#######################....................................
...............#########################...................................
..............##########################...................................
.............###########################...................................
............############################...................................
...........#######..................####...................................
..........#######...................####...................................
.........#######....................####...................................
........#######.....................####...................................
.......#######.....................#####...................................
......#######......................#####...................................
.....#######.......................###~~...................................
....#######........................###~~...................................
....######.........................#####...................................
....#####..........................#~~##...................................
....#####..........................#~~##...................................
....#####..........................#####...................................
....#####..........................###~~...................................
....#####..........................###~~...#########.......................
....#####..........................#~~##..###~~####~#......................
....#####..........................#~~##..###~~####~~......................
....#####..........................#####..###########......................
....#####..........................~~###..#####~#~~##......................
....#####..........................~~###..#####.#~~##......................
....#####..........................###~~..#####.######.....................
....#####..........................###~~..#####.###~~##....................
....#####..........................#~~##..~~###.###~~#~~############.......
....#####..........................#~~##..~~###.######~~#######~~####......
....#####..........................###~~..#####.~~#######~~#~~#~~####......
....#####..........................###~~..#####.~~#######~~#~~########.....
....#####..........................#~~##..#####..################~~###.....
....#####..........................#~~##..#####..................~~#~~#....
....#####..........................#####..###~~..................###~~#....
....#####..........................###~~..###~~...................#####....
....#####..........................###~~#~~####...................####~~...
....#####..........................#~~###~~####...................####~~...
....#####..........................#~~#########....................#~~###..
....#####..........................###~~###~~##....................#~~###..
....#####...........................##~~###~~#......................###~~..
....#####...........................................................###~~#.
....#####...........................................................######.
....#####............................................................#####.
....#####............................................................#~~###
....#####............................................................#~~###
....#####.............................................................#####
......................................................................#####
.......................................................................####
.......................................................................##~~
.......................................................................##~~
.......................................................................####
........................................................#####~~#########~~#
.......................................................######~~####~~###~~#
.....====..............................................###~~#######~~######
.....####..............................................###~~####~~####~~#~~
.....####..............................................~~#######~~####~~#~~
.....####..............................................~~####~~##..........
.....####..............................................####~~~~~...........
.....####..............................................~~##~~##............
.....####..............................................~~###~~.............
.....####..............................................#####~..............
.....####..............................................#####...............
.....####.............................................######...............
.....#####...........................................~~#####...............
.....######.........................................#~~#####...............
......######.......................................~~#~~####...............
.......######.....................................~~~~~~####...............
........##################~~#####~~###########~~####~~####~~...............
.........###########~~####~~#####~~#####~~####~~##########~~...............
..........##########~~##############~~##~~########~~########...............
.....................##~~####~~#####~~#####~~#####~~##~~####...............
......................#~~####~~############~~#########~~###................
...........................................................................
...........................................................................
...........................................................................
75 74
................#######################....................................
...............#########################...................................
..............##########################...................................
.............###########################...................................
............############################...................................
...........#######..................####...................................
..........#######...................####...................................
.........#######....................####...................................
........#######.....................####...................................
.......#######.....................#####...................................
......#######......................#####...................................
.....#######.......................###~~...................................
....#######........................###~~...................................
....######.........................#####...................................
....#####..........................#~~##...................................
....#####..........................#~~##...................................
....#####..........................#####...................................
....#####..........................###~~...................................
....#####..........................###~~...#########.......................
....#####..........................#~~##..###~~####~#......................
....#####..........................#~~##..###~~####~~......................
....#####..........................#####..###########......................
....#####..........................~~###..#####~#~~##......................
....#####..........................~~###..#####.#~~##......................
....#####..........................###~~..#####.######.....................
....#####..........................###~~..#####.###~~##....................
....#####..........................#~~##..~~###.###~~#~~############.......
....#####..........................#~~##..~~###.######~~#######~~####......
....#####..........................###~~..#####.~~#######~~#~~#~~####......
....#####..........................###~~..#####.~~#######~~#~~########.....
....#####..........................#~~##..#####..################~~###.....
....#####..........................#~~##..#####..................~~#~~#....
....#####..........................#####..###~~..................###~~#....
....#####..........................###~~..###~~...................#####....
....#####..........................###~~#~~####...................####~~...
....#####..........................#~~###~~####...................####~~...
....#####..........................#~~#########....................#~~###..
....#####..........................###~~###~~##....................#~~###..
....#####...........................##~~###~~#......................###~~..
....#####...........................................................###~~#.
....#####...........................................................######.
....#####............................................................#####.
....#####............................................................#~~###
....#####............................................................#~~###
....#####.............................................................#####
......................................................................#####
.......................................................................####
.......................................................................##~~
.......................................................................##~~
.......................................................................####
........................................................#####~~#########~~#
.......................................................######~~####~~###~~#
.....====..............................................###~~#######~~######
.....####..............................................###~~####~~####~~#~~
.....####..............................................~~#######~~####~~#~~
.....####..............................................~~####~~##..........
.....####..............................................####~~~~~...........
.....####..............................................~~##~~##............
.....####..............................................~~###~~.............
.....####..............................................#####~..............
.....####..............................................#####...............
.....####.............................................######...............
.....#####...........................................~~#####...............
.....######.........................................#~~#####...............
......######.......................................~~#~~####...............
.......######.....................................~~~~~~####...............
........##################~~#####~~###########~~####~~####~~...............
.........###########~~####~~#####~~#####~~####~~##########~~...............
..........##########~~##############~~##~~########~~########...............
.....................##~~####~~#####~~#####~~#####~~##~~####...............
......................#~~####~~############~~#########~~###................
...........................................................................
...........................................................................
...........................................................................
